开始训练...
训练集数据处理。。。。
=============
验证集数据处理。。。。。
=============
0
epoch: 0, batch_id: 0, loss is：0.6906
epoch: 0, batch_id: 10, loss is：0.6919
[validation] accuracy 0.3750, loss 0.9383
1
epoch: 1, batch_id: 0, loss is：0.6905
epoch: 1, batch_id: 10, loss is：0.6917
[validation] accuracy 0.3750, loss 0.9383
2
epoch: 2, batch_id: 0, loss is：0.6902
epoch: 2, batch_id: 10, loss is：0.6916
[validation] accuracy 0.3750, loss 0.9383
3
epoch: 3, batch_id: 0, loss is：0.6900
epoch: 3, batch_id: 10, loss is：0.6915
[validation] accuracy 0.3750, loss 0.9383
4
epoch: 4, batch_id: 0, loss is：0.6897
epoch: 4, batch_id: 10, loss is：0.6913
[validation] accuracy 0.3750, loss 0.9383
