开始训练...
训练集数据处理。。。。
=============
验证集数据处理。。。。。
=============
0
epoch: 0, batch_id: 0, loss is：0.8696
epoch: 0, batch_id: 10, loss is：0.2586
[validation] accuracy 0.9500, loss 0.1528
1
epoch: 1, batch_id: 0, loss is：0.0573
epoch: 1, batch_id: 10, loss is：0.0046
[validation] accuracy 0.9500, loss 0.0132
2
epoch: 2, batch_id: 0, loss is：0.0040
epoch: 2, batch_id: 10, loss is：0.0039
[validation] accuracy 1.0000, loss 0.0068
3
epoch: 3, batch_id: 0, loss is：0.0037
epoch: 3, batch_id: 10, loss is：0.0008
[validation] accuracy 1.0000, loss 0.0016
4
epoch: 4, batch_id: 0, loss is：0.0011
epoch: 4, batch_id: 10, loss is：0.0004
[validation] accuracy 1.0000, loss 0.0009
D:\Users\Admin\Python37\lib\site-packages\paddle\nn\layer\norm.py:641: UserWarning: When training, we now always track global mean and variance.
  "When training, we now always track global mean and variance.")
