开始训练...
训练集数据处理。。。。
=============
验证集数据处理。。。。。
=============
0
epoch: 0, batch_id: 0, loss is：0.6467
epoch: 0, batch_id: 10, loss is：0.8263
epoch: 0, batch_id: 20, loss is：0.7216
epoch: 0, batch_id: 30, loss is：0.6752
epoch: 0, batch_id: 40, loss is：0.6664
epoch: 0, batch_id: 50, loss is：0.6402
epoch: 0, batch_id: 60, loss is：0.7158
epoch: 0, batch_id: 70, loss is：0.6707
epoch: 0, batch_id: 80, loss is：0.7220
epoch: 0, batch_id: 90, loss is：0.6875
epoch: 0, batch_id: 100, loss is：0.7197
epoch: 0, batch_id: 110, loss is：0.7005
epoch: 0, batch_id: 120, loss is：0.6081
epoch: 0, batch_id: 130, loss is：0.6701
epoch: 0, batch_id: 140, loss is：0.5385
epoch: 0, batch_id: 150, loss is：0.6870
epoch: 0, batch_id: 160, loss is：0.7156
epoch: 0, batch_id: 170, loss is：0.6840
epoch: 0, batch_id: 180, loss is：0.6995
epoch: 0, batch_id: 190, loss is：0.6836
epoch: 0, batch_id: 200, loss is：0.6645
epoch: 0, batch_id: 210, loss is：0.6685
epoch: 0, batch_id: 220, loss is：0.6910
epoch: 0, batch_id: 230, loss is：0.6621
epoch: 0, batch_id: 240, loss is：0.7316
epoch: 0, batch_id: 250, loss is：0.6997
epoch: 0, batch_id: 260, loss is：0.6593
epoch: 0, batch_id: 270, loss is：0.6725
epoch: 0, batch_id: 280, loss is：0.7049
epoch: 0, batch_id: 290, loss is：0.7413
epoch: 0, batch_id: 300, loss is：0.6742
epoch: 0, batch_id: 310, loss is：0.6747
epoch: 0, batch_id: 320, loss is：0.6977
epoch: 0, batch_id: 330, loss is：0.6728
epoch: 0, batch_id: 340, loss is：0.7138
epoch: 0, batch_id: 350, loss is：0.6769
epoch: 0, batch_id: 360, loss is：0.6598
epoch: 0, batch_id: 370, loss is：0.6866
epoch: 0, batch_id: 380, loss is：0.6975
epoch: 0, batch_id: 390, loss is：0.7406
epoch: 0, batch_id: 400, loss is：0.6735
epoch: 0, batch_id: 410, loss is：0.6475
epoch: 0, batch_id: 420, loss is：0.7116
epoch: 0, batch_id: 430, loss is：0.6960
epoch: 0, batch_id: 440, loss is：0.7408
epoch: 0, batch_id: 450, loss is：0.6559
epoch: 0, batch_id: 460, loss is：0.6958
epoch: 0, batch_id: 470, loss is：0.7180
epoch: 0, batch_id: 480, loss is：0.6988
epoch: 0, batch_id: 490, loss is：0.6626
epoch: 0, batch_id: 500, loss is：0.6995
epoch: 0, batch_id: 510, loss is：0.7662
epoch: 0, batch_id: 520, loss is：0.6784
epoch: 0, batch_id: 530, loss is：0.6952
epoch: 0, batch_id: 540, loss is：0.6848
epoch: 0, batch_id: 550, loss is：0.7307
epoch: 0, batch_id: 560, loss is：0.6649
epoch: 0, batch_id: 570, loss is：0.7078
epoch: 0, batch_id: 580, loss is：0.6295
epoch: 0, batch_id: 590, loss is：0.6766
epoch: 0, batch_id: 600, loss is：0.7012
epoch: 0, batch_id: 610, loss is：0.6488
epoch: 0, batch_id: 620, loss is：0.5719
epoch: 0, batch_id: 630, loss is：0.6688
epoch: 0, batch_id: 640, loss is：0.7144
epoch: 0, batch_id: 650, loss is：0.6835
epoch: 0, batch_id: 660, loss is：0.7608
epoch: 0, batch_id: 670, loss is：0.6651
epoch: 0, batch_id: 680, loss is：0.7178
epoch: 0, batch_id: 690, loss is：0.6877
epoch: 0, batch_id: 700, loss is：0.6562
epoch: 0, batch_id: 710, loss is：0.7058
epoch: 0, batch_id: 720, loss is：0.7439
epoch: 0, batch_id: 730, loss is：0.6575
epoch: 0, batch_id: 740, loss is：0.7502
epoch: 0, batch_id: 750, loss is：0.6537
epoch: 0, batch_id: 760, loss is：0.6391
epoch: 0, batch_id: 770, loss is：0.6595
epoch: 0, batch_id: 780, loss is：0.6993
epoch: 0, batch_id: 790, loss is：0.6919
epoch: 0, batch_id: 800, loss is：0.7096
epoch: 0, batch_id: 810, loss is：0.7627
epoch: 0, batch_id: 820, loss is：0.6742
epoch: 0, batch_id: 830, loss is：0.6837
epoch: 0, batch_id: 840, loss is：0.6539
epoch: 0, batch_id: 850, loss is：0.7861
epoch: 0, batch_id: 860, loss is：0.6330
epoch: 0, batch_id: 870, loss is：0.6931
epoch: 0, batch_id: 880, loss is：0.6381
epoch: 0, batch_id: 890, loss is：0.6571
epoch: 0, batch_id: 900, loss is：0.7907
epoch: 0, batch_id: 910, loss is：0.7119
epoch: 0, batch_id: 920, loss is：0.6662
epoch: 0, batch_id: 930, loss is：0.6156
epoch: 0, batch_id: 940, loss is：0.6914
epoch: 0, batch_id: 950, loss is：0.7353
epoch: 0, batch_id: 960, loss is：0.7767
epoch: 0, batch_id: 970, loss is：0.6632
epoch: 0, batch_id: 980, loss is：0.6335
epoch: 0, batch_id: 990, loss is：0.6319
epoch: 0, batch_id: 1000, loss is：0.6429
epoch: 0, batch_id: 1010, loss is：0.7783
epoch: 0, batch_id: 1020, loss is：0.6798
epoch: 0, batch_id: 1030, loss is：0.6633
epoch: 0, batch_id: 1040, loss is：0.6571
epoch: 0, batch_id: 1050, loss is：0.5836
epoch: 0, batch_id: 1060, loss is：0.6878
epoch: 0, batch_id: 1070, loss is：0.7317
epoch: 0, batch_id: 1080, loss is：0.7148
epoch: 0, batch_id: 1090, loss is：0.7367
epoch: 0, batch_id: 1100, loss is：0.6784
epoch: 0, batch_id: 1110, loss is：0.8077
epoch: 0, batch_id: 1120, loss is：0.6029
epoch: 0, batch_id: 1130, loss is：0.6056
epoch: 0, batch_id: 1140, loss is：0.5721
epoch: 0, batch_id: 1150, loss is：0.8920
epoch: 0, batch_id: 1160, loss is：0.6090
epoch: 0, batch_id: 1170, loss is：0.6910
epoch: 0, batch_id: 1180, loss is：0.6829
epoch: 0, batch_id: 1190, loss is：0.7006
epoch: 0, batch_id: 1200, loss is：0.6477
epoch: 0, batch_id: 1210, loss is：0.7226
epoch: 0, batch_id: 1220, loss is：0.6779
epoch: 0, batch_id: 1230, loss is：0.6704
epoch: 0, batch_id: 1240, loss is：0.7248
epoch: 0, batch_id: 1250, loss is：0.6272
epoch: 0, batch_id: 1260, loss is：0.6463
epoch: 0, batch_id: 1270, loss is：0.6462
epoch: 0, batch_id: 1280, loss is：0.7247
epoch: 0, batch_id: 1290, loss is：0.7164
epoch: 0, batch_id: 1300, loss is：0.6433
epoch: 0, batch_id: 1310, loss is：0.7355
epoch: 0, batch_id: 1320, loss is：0.6779
epoch: 0, batch_id: 1330, loss is：0.6628
epoch: 0, batch_id: 1340, loss is：0.5782
epoch: 0, batch_id: 1350, loss is：0.7573
epoch: 0, batch_id: 1360, loss is：0.7725
epoch: 0, batch_id: 1370, loss is：0.6654
epoch: 0, batch_id: 1380, loss is：0.6892
epoch: 0, batch_id: 1390, loss is：0.7961
epoch: 0, batch_id: 1400, loss is：0.5539
epoch: 0, batch_id: 1410, loss is：0.6300
epoch: 0, batch_id: 1420, loss is：0.9208
epoch: 0, batch_id: 1430, loss is：0.7134
epoch: 0, batch_id: 1440, loss is：0.7075
epoch: 0, batch_id: 1450, loss is：0.6454
epoch: 0, batch_id: 1460, loss is：0.5398
epoch: 0, batch_id: 1470, loss is：0.6780
epoch: 0, batch_id: 1480, loss is：0.6951
epoch: 0, batch_id: 1490, loss is：0.6959
epoch: 0, batch_id: 1500, loss is：0.6715
epoch: 0, batch_id: 1510, loss is：0.6945
epoch: 0, batch_id: 1520, loss is：0.7282
epoch: 0, batch_id: 1530, loss is：0.6900
epoch: 0, batch_id: 1540, loss is：0.6861
epoch: 0, batch_id: 1550, loss is：0.8597
epoch: 0, batch_id: 1560, loss is：0.7531
epoch: 0, batch_id: 1570, loss is：0.5387
epoch: 0, batch_id: 1580, loss is：0.7050
epoch: 0, batch_id: 1590, loss is：0.5535
epoch: 0, batch_id: 1600, loss is：0.5808
epoch: 0, batch_id: 1610, loss is：0.6843
epoch: 0, batch_id: 1620, loss is：0.7085
epoch: 0, batch_id: 1630, loss is：0.5743
epoch: 0, batch_id: 1640, loss is：0.6174
epoch: 0, batch_id: 1650, loss is：0.6386
epoch: 0, batch_id: 1660, loss is：0.5440
epoch: 0, batch_id: 1670, loss is：0.5529
epoch: 0, batch_id: 1680, loss is：0.5426
epoch: 0, batch_id: 1690, loss is：0.7663
epoch: 0, batch_id: 1700, loss is：0.6751
epoch: 0, batch_id: 1710, loss is：0.6264
epoch: 0, batch_id: 1720, loss is：0.7258
epoch: 0, batch_id: 1730, loss is：0.6644
epoch: 0, batch_id: 1740, loss is：0.7690
[validation] accuracy 0.5000, loss 0.6540
1
epoch: 1, batch_id: 0, loss is：0.6030
epoch: 1, batch_id: 10, loss is：0.5138
epoch: 1, batch_id: 20, loss is：0.6684
epoch: 1, batch_id: 30, loss is：0.6795
epoch: 1, batch_id: 40, loss is：0.5994
epoch: 1, batch_id: 50, loss is：0.6280
epoch: 1, batch_id: 60, loss is：0.6536
epoch: 1, batch_id: 70, loss is：0.6859
epoch: 1, batch_id: 80, loss is：0.7018
epoch: 1, batch_id: 90, loss is：0.6757
epoch: 1, batch_id: 100, loss is：0.6132
epoch: 1, batch_id: 110, loss is：0.7109
epoch: 1, batch_id: 120, loss is：0.5487
epoch: 1, batch_id: 130, loss is：0.5472
epoch: 1, batch_id: 140, loss is：0.5400
epoch: 1, batch_id: 150, loss is：0.5941
epoch: 1, batch_id: 160, loss is：0.6852
epoch: 1, batch_id: 170, loss is：0.5914
epoch: 1, batch_id: 180, loss is：0.7067
epoch: 1, batch_id: 190, loss is：0.6282
epoch: 1, batch_id: 200, loss is：0.5139
epoch: 1, batch_id: 210, loss is：0.7167
epoch: 1, batch_id: 220, loss is：0.7412
epoch: 1, batch_id: 230, loss is：0.5648
epoch: 1, batch_id: 240, loss is：0.6901
epoch: 1, batch_id: 250, loss is：0.6394
epoch: 1, batch_id: 260, loss is：0.5850
epoch: 1, batch_id: 270, loss is：0.5171
epoch: 1, batch_id: 280, loss is：0.6369
epoch: 1, batch_id: 290, loss is：0.7280
epoch: 1, batch_id: 300, loss is：0.6953
epoch: 1, batch_id: 310, loss is：0.6510
epoch: 1, batch_id: 320, loss is：0.8186
epoch: 1, batch_id: 330, loss is：0.5719
epoch: 1, batch_id: 340, loss is：0.6452
epoch: 1, batch_id: 350, loss is：0.5790
epoch: 1, batch_id: 360, loss is：0.5228
epoch: 1, batch_id: 370, loss is：0.6586
epoch: 1, batch_id: 380, loss is：0.5390
epoch: 1, batch_id: 390, loss is：0.6759
epoch: 1, batch_id: 400, loss is：0.7474
epoch: 1, batch_id: 410, loss is：0.6104
epoch: 1, batch_id: 420, loss is：0.6227
epoch: 1, batch_id: 430, loss is：0.6760
epoch: 1, batch_id: 440, loss is：0.8429
epoch: 1, batch_id: 450, loss is：0.6434
epoch: 1, batch_id: 460, loss is：0.7083
epoch: 1, batch_id: 470, loss is：0.6090
epoch: 1, batch_id: 480, loss is：0.6788
epoch: 1, batch_id: 490, loss is：0.6050
epoch: 1, batch_id: 500, loss is：0.7216
epoch: 1, batch_id: 510, loss is：0.5896
epoch: 1, batch_id: 520, loss is：0.6643
epoch: 1, batch_id: 530, loss is：0.6952
epoch: 1, batch_id: 540, loss is：0.6392
epoch: 1, batch_id: 550, loss is：0.6387
epoch: 1, batch_id: 560, loss is：0.5712
epoch: 1, batch_id: 570, loss is：0.7114
epoch: 1, batch_id: 580, loss is：0.5325
epoch: 1, batch_id: 590, loss is：0.6324
epoch: 1, batch_id: 600, loss is：0.8299
epoch: 1, batch_id: 610, loss is：0.6318
epoch: 1, batch_id: 620, loss is：0.5518
epoch: 1, batch_id: 630, loss is：0.5841
epoch: 1, batch_id: 640, loss is：0.6142
epoch: 1, batch_id: 650, loss is：0.6328
epoch: 1, batch_id: 660, loss is：0.7569
epoch: 1, batch_id: 670, loss is：0.6061
epoch: 1, batch_id: 680, loss is：0.7449
epoch: 1, batch_id: 690, loss is：0.6378
epoch: 1, batch_id: 700, loss is：0.6135
epoch: 1, batch_id: 710, loss is：0.5844
epoch: 1, batch_id: 720, loss is：0.6728
epoch: 1, batch_id: 730, loss is：0.6332
epoch: 1, batch_id: 740, loss is：0.8444
epoch: 1, batch_id: 750, loss is：0.6664
epoch: 1, batch_id: 760, loss is：0.6060
epoch: 1, batch_id: 770, loss is：0.5784
epoch: 1, batch_id: 780, loss is：0.7295
epoch: 1, batch_id: 790, loss is：0.7720
epoch: 1, batch_id: 800, loss is：0.7274
epoch: 1, batch_id: 810, loss is：0.7053
epoch: 1, batch_id: 820, loss is：0.6402
epoch: 1, batch_id: 830, loss is：0.6222
epoch: 1, batch_id: 840, loss is：0.6636
epoch: 1, batch_id: 850, loss is：0.6442
epoch: 1, batch_id: 860, loss is：0.5630
epoch: 1, batch_id: 870, loss is：0.6477
epoch: 1, batch_id: 880, loss is：0.5321
epoch: 1, batch_id: 890, loss is：0.6176
epoch: 1, batch_id: 900, loss is：0.7490
epoch: 1, batch_id: 910, loss is：0.6389
epoch: 1, batch_id: 920, loss is：0.6932
epoch: 1, batch_id: 930, loss is：0.4806
epoch: 1, batch_id: 940, loss is：0.6293
epoch: 1, batch_id: 950, loss is：0.6243
epoch: 1, batch_id: 960, loss is：0.6715
epoch: 1, batch_id: 970, loss is：0.5980
epoch: 1, batch_id: 980, loss is：0.5878
epoch: 1, batch_id: 990, loss is：0.6480
epoch: 1, batch_id: 1000, loss is：0.5320
epoch: 1, batch_id: 1010, loss is：0.7080
epoch: 1, batch_id: 1020, loss is：0.6692
epoch: 1, batch_id: 1030, loss is：0.6104
epoch: 1, batch_id: 1040, loss is：0.5999
epoch: 1, batch_id: 1050, loss is：0.5749
epoch: 1, batch_id: 1060, loss is：0.6741
epoch: 1, batch_id: 1070, loss is：0.6212
epoch: 1, batch_id: 1080, loss is：0.5806
epoch: 1, batch_id: 1090, loss is：0.8121
epoch: 1, batch_id: 1100, loss is：0.6459
epoch: 1, batch_id: 1110, loss is：0.9184
epoch: 1, batch_id: 1120, loss is：0.4844
epoch: 1, batch_id: 1130, loss is：0.5487
epoch: 1, batch_id: 1140, loss is：0.4015
epoch: 1, batch_id: 1150, loss is：0.6917
epoch: 1, batch_id: 1160, loss is：0.6143
epoch: 1, batch_id: 1170, loss is：0.5765
epoch: 1, batch_id: 1180, loss is：0.5913
epoch: 1, batch_id: 1190, loss is：0.7231
epoch: 1, batch_id: 1200, loss is：0.4854
epoch: 1, batch_id: 1210, loss is：0.6408
epoch: 1, batch_id: 1220, loss is：0.6570
epoch: 1, batch_id: 1230, loss is：0.5532
epoch: 1, batch_id: 1240, loss is：0.6437
epoch: 1, batch_id: 1250, loss is：0.6394
epoch: 1, batch_id: 1260, loss is：0.5766
epoch: 1, batch_id: 1270, loss is：0.6500
epoch: 1, batch_id: 1280, loss is：0.7197
epoch: 1, batch_id: 1290, loss is：0.7288
epoch: 1, batch_id: 1300, loss is：0.5486
epoch: 1, batch_id: 1310, loss is：0.6867
epoch: 1, batch_id: 1320, loss is：0.6063
epoch: 1, batch_id: 1330, loss is：0.7020
epoch: 1, batch_id: 1340, loss is：0.5028
epoch: 1, batch_id: 1350, loss is：0.8307
epoch: 1, batch_id: 1360, loss is：0.6738
epoch: 1, batch_id: 1370, loss is：0.5811
epoch: 1, batch_id: 1380, loss is：0.7115
epoch: 1, batch_id: 1390, loss is：0.7249
epoch: 1, batch_id: 1400, loss is：0.4354
epoch: 1, batch_id: 1410, loss is：0.5512
epoch: 1, batch_id: 1420, loss is：0.9712
epoch: 1, batch_id: 1430, loss is：0.6916
epoch: 1, batch_id: 1440, loss is：0.6752
epoch: 1, batch_id: 1450, loss is：0.6056
epoch: 1, batch_id: 1460, loss is：0.5080
epoch: 1, batch_id: 1470, loss is：0.6142
epoch: 1, batch_id: 1480, loss is：0.6265
epoch: 1, batch_id: 1490, loss is：0.6963
epoch: 1, batch_id: 1500, loss is：0.6110
epoch: 1, batch_id: 1510, loss is：0.6599
epoch: 1, batch_id: 1520, loss is：0.7567
epoch: 1, batch_id: 1530, loss is：0.6275
epoch: 1, batch_id: 1540, loss is：0.6811
epoch: 1, batch_id: 1550, loss is：0.9941
epoch: 1, batch_id: 1560, loss is：0.7782
epoch: 1, batch_id: 1570, loss is：0.3475
epoch: 1, batch_id: 1580, loss is：0.6839
epoch: 1, batch_id: 1590, loss is：0.4943
epoch: 1, batch_id: 1600, loss is：0.5262
epoch: 1, batch_id: 1610, loss is：0.6358
epoch: 1, batch_id: 1620, loss is：0.6970
epoch: 1, batch_id: 1630, loss is：0.5408
epoch: 1, batch_id: 1640, loss is：0.6319
epoch: 1, batch_id: 1650, loss is：0.6615
epoch: 1, batch_id: 1660, loss is：0.5327
epoch: 1, batch_id: 1670, loss is：0.4850
epoch: 1, batch_id: 1680, loss is：0.4386
epoch: 1, batch_id: 1690, loss is：0.7784
epoch: 1, batch_id: 1700, loss is：0.6801
epoch: 1, batch_id: 1710, loss is：0.6976
epoch: 1, batch_id: 1720, loss is：0.7997
epoch: 1, batch_id: 1730, loss is：0.5908
epoch: 1, batch_id: 1740, loss is：0.7506
[validation] accuracy 0.5011, loss 0.6248
2
epoch: 2, batch_id: 0, loss is：0.5425
epoch: 2, batch_id: 10, loss is：0.4494
epoch: 2, batch_id: 20, loss is：0.7116
epoch: 2, batch_id: 30, loss is：0.6922
epoch: 2, batch_id: 40, loss is：0.5636
epoch: 2, batch_id: 50, loss is：0.5849
epoch: 2, batch_id: 60, loss is：0.6597
epoch: 2, batch_id: 70, loss is：0.7457
epoch: 2, batch_id: 80, loss is：0.6538
epoch: 2, batch_id: 90, loss is：0.6386
epoch: 2, batch_id: 100, loss is：0.5333
epoch: 2, batch_id: 110, loss is：0.6740
epoch: 2, batch_id: 120, loss is：0.5454
epoch: 2, batch_id: 130, loss is：0.4936
epoch: 2, batch_id: 140, loss is：0.5419
epoch: 2, batch_id: 150, loss is：0.6164
epoch: 2, batch_id: 160, loss is：0.6543
epoch: 2, batch_id: 170, loss is：0.5951
epoch: 2, batch_id: 180, loss is：0.6520
epoch: 2, batch_id: 190, loss is：0.6016
epoch: 2, batch_id: 200, loss is：0.4846
epoch: 2, batch_id: 210, loss is：0.7073
epoch: 2, batch_id: 220, loss is：0.7908
epoch: 2, batch_id: 230, loss is：0.5155
epoch: 2, batch_id: 240, loss is：0.8373
epoch: 2, batch_id: 250, loss is：0.5657
epoch: 2, batch_id: 260, loss is：0.4936
epoch: 2, batch_id: 270, loss is：0.5147
epoch: 2, batch_id: 280, loss is：0.5913
epoch: 2, batch_id: 290, loss is：0.6919
epoch: 2, batch_id: 300, loss is：0.6841
epoch: 2, batch_id: 310, loss is：0.5925
epoch: 2, batch_id: 320, loss is：0.6798
epoch: 2, batch_id: 330, loss is：0.5892
epoch: 2, batch_id: 340, loss is：0.6094
epoch: 2, batch_id: 350, loss is：0.5395
epoch: 2, batch_id: 360, loss is：0.5079
epoch: 2, batch_id: 370, loss is：0.7320
epoch: 2, batch_id: 380, loss is：0.4296
epoch: 2, batch_id: 390, loss is：0.6835
epoch: 2, batch_id: 400, loss is：0.6645
epoch: 2, batch_id: 410, loss is：0.6609
epoch: 2, batch_id: 420, loss is：0.5548
epoch: 2, batch_id: 430, loss is：0.6072
epoch: 2, batch_id: 440, loss is：0.7422
epoch: 2, batch_id: 450, loss is：0.5821
epoch: 2, batch_id: 460, loss is：0.6581
epoch: 2, batch_id: 470, loss is：0.6620
epoch: 2, batch_id: 480, loss is：0.5916
epoch: 2, batch_id: 490, loss is：0.7006
epoch: 2, batch_id: 500, loss is：0.7203
epoch: 2, batch_id: 510, loss is：0.5643
epoch: 2, batch_id: 520, loss is：0.6529
epoch: 2, batch_id: 530, loss is：0.6916
epoch: 2, batch_id: 540, loss is：0.6022
epoch: 2, batch_id: 550, loss is：0.6058
epoch: 2, batch_id: 560, loss is：0.4930
epoch: 2, batch_id: 570, loss is：0.6582
epoch: 2, batch_id: 580, loss is：0.5586
epoch: 2, batch_id: 590, loss is：0.6027
epoch: 2, batch_id: 600, loss is：0.7950
epoch: 2, batch_id: 610, loss is：0.5401
epoch: 2, batch_id: 620, loss is：0.4409
epoch: 2, batch_id: 630, loss is：0.4710
epoch: 2, batch_id: 640, loss is：0.5827
epoch: 2, batch_id: 650, loss is：0.5767
epoch: 2, batch_id: 660, loss is：0.7461
epoch: 2, batch_id: 670, loss is：0.5993
epoch: 2, batch_id: 680, loss is：0.8185
epoch: 2, batch_id: 690, loss is：0.6115
epoch: 2, batch_id: 700, loss is：0.6056
epoch: 2, batch_id: 710, loss is：0.4865
epoch: 2, batch_id: 720, loss is：0.6782
epoch: 2, batch_id: 730, loss is：0.6074
epoch: 2, batch_id: 740, loss is：0.8097
epoch: 2, batch_id: 750, loss is：0.6435
epoch: 2, batch_id: 760, loss is：0.6398
epoch: 2, batch_id: 770, loss is：0.4892
epoch: 2, batch_id: 780, loss is：0.7163
epoch: 2, batch_id: 790, loss is：0.7744
epoch: 2, batch_id: 800, loss is：0.7200
epoch: 2, batch_id: 810, loss is：0.6711
epoch: 2, batch_id: 820, loss is：0.5576
epoch: 2, batch_id: 830, loss is：0.5803
epoch: 2, batch_id: 840, loss is：0.6755
epoch: 2, batch_id: 850, loss is：0.6828
epoch: 2, batch_id: 860, loss is：0.5971
epoch: 2, batch_id: 870, loss is：0.6237
epoch: 2, batch_id: 880, loss is：0.4755
epoch: 2, batch_id: 890, loss is：0.5345
epoch: 2, batch_id: 900, loss is：0.7057
epoch: 2, batch_id: 910, loss is：0.5842
epoch: 2, batch_id: 920, loss is：0.6983
epoch: 2, batch_id: 930, loss is：0.4021
epoch: 2, batch_id: 940, loss is：0.5623
epoch: 2, batch_id: 950, loss is：0.5670
epoch: 2, batch_id: 960, loss is：0.6311
epoch: 2, batch_id: 970, loss is：0.5775
epoch: 2, batch_id: 980, loss is：0.5819
epoch: 2, batch_id: 990, loss is：0.7444
epoch: 2, batch_id: 1000, loss is：0.5366
epoch: 2, batch_id: 1010, loss is：0.6290
epoch: 2, batch_id: 1020, loss is：0.6338
epoch: 2, batch_id: 1030, loss is：0.5584
epoch: 2, batch_id: 1040, loss is：0.5571
epoch: 2, batch_id: 1050, loss is：0.5396
epoch: 2, batch_id: 1060, loss is：0.7064
epoch: 2, batch_id: 1070, loss is：0.5609
epoch: 2, batch_id: 1080, loss is：0.5410
epoch: 2, batch_id: 1090, loss is：0.8047
epoch: 2, batch_id: 1100, loss is：0.5407
epoch: 2, batch_id: 1110, loss is：0.9307
epoch: 2, batch_id: 1120, loss is：0.4099
epoch: 2, batch_id: 1130, loss is：0.5596
epoch: 2, batch_id: 1140, loss is：0.3598
epoch: 2, batch_id: 1150, loss is：0.6734
epoch: 2, batch_id: 1160, loss is：0.6758
epoch: 2, batch_id: 1170, loss is：0.5365
epoch: 2, batch_id: 1180, loss is：0.4903
epoch: 2, batch_id: 1190, loss is：0.7524
epoch: 2, batch_id: 1200, loss is：0.4034
epoch: 2, batch_id: 1210, loss is：0.5190
epoch: 2, batch_id: 1220, loss is：0.6397
epoch: 2, batch_id: 1230, loss is：0.5036
epoch: 2, batch_id: 1240, loss is：0.5421
epoch: 2, batch_id: 1250, loss is：0.5729
epoch: 2, batch_id: 1260, loss is：0.4989
epoch: 2, batch_id: 1270, loss is：0.6567
epoch: 2, batch_id: 1280, loss is：0.6785
epoch: 2, batch_id: 1290, loss is：0.7236
epoch: 2, batch_id: 1300, loss is：0.4984
epoch: 2, batch_id: 1310, loss is：0.6627
epoch: 2, batch_id: 1320, loss is：0.6230
epoch: 2, batch_id: 1330, loss is：0.6963
epoch: 2, batch_id: 1340, loss is：0.5182
epoch: 2, batch_id: 1350, loss is：0.8663
epoch: 2, batch_id: 1360, loss is：0.5877
epoch: 2, batch_id: 1370, loss is：0.5824
epoch: 2, batch_id: 1380, loss is：0.7419
epoch: 2, batch_id: 1390, loss is：0.5918
epoch: 2, batch_id: 1400, loss is：0.3670
epoch: 2, batch_id: 1410, loss is：0.5240
epoch: 2, batch_id: 1420, loss is：1.0064
epoch: 2, batch_id: 1430, loss is：0.6564
epoch: 2, batch_id: 1440, loss is：0.6552
epoch: 2, batch_id: 1450, loss is：0.5767
epoch: 2, batch_id: 1460, loss is：0.4579
epoch: 2, batch_id: 1470, loss is：0.6022
epoch: 2, batch_id: 1480, loss is：0.5860
epoch: 2, batch_id: 1490, loss is：0.6666
epoch: 2, batch_id: 1500, loss is：0.5948
epoch: 2, batch_id: 1510, loss is：0.6199
epoch: 2, batch_id: 1520, loss is：0.7174
epoch: 2, batch_id: 1530, loss is：0.5982
epoch: 2, batch_id: 1540, loss is：0.6633
epoch: 2, batch_id: 1550, loss is：1.0508
epoch: 2, batch_id: 1560, loss is：0.7761
epoch: 2, batch_id: 1570, loss is：0.3003
epoch: 2, batch_id: 1580, loss is：0.6788
epoch: 2, batch_id: 1590, loss is：0.4891
epoch: 2, batch_id: 1600, loss is：0.5086
epoch: 2, batch_id: 1610, loss is：0.6120
epoch: 2, batch_id: 1620, loss is：0.6958
epoch: 2, batch_id: 1630, loss is：0.5180
epoch: 2, batch_id: 1640, loss is：0.6415
epoch: 2, batch_id: 1650, loss is：0.6493
epoch: 2, batch_id: 1660, loss is：0.5019
epoch: 2, batch_id: 1670, loss is：0.4434
epoch: 2, batch_id: 1680, loss is：0.4065
epoch: 2, batch_id: 1690, loss is：0.7506
epoch: 2, batch_id: 1700, loss is：0.7002
epoch: 2, batch_id: 1710, loss is：0.6825
epoch: 2, batch_id: 1720, loss is：0.8029
epoch: 2, batch_id: 1730, loss is：0.6011
epoch: 2, batch_id: 1740, loss is：0.7382
[validation] accuracy 0.5096, loss 0.6072
3
epoch: 3, batch_id: 0, loss is：0.5447
epoch: 3, batch_id: 10, loss is：0.4111
epoch: 3, batch_id: 20, loss is：0.6498
epoch: 3, batch_id: 30, loss is：0.6689
epoch: 3, batch_id: 40, loss is：0.5451
epoch: 3, batch_id: 50, loss is：0.5517
epoch: 3, batch_id: 60, loss is：0.6178
epoch: 3, batch_id: 70, loss is：0.7466
epoch: 3, batch_id: 80, loss is：0.6056
epoch: 3, batch_id: 90, loss is：0.6185
epoch: 3, batch_id: 100, loss is：0.4938
epoch: 3, batch_id: 110, loss is：0.6653
epoch: 3, batch_id: 120, loss is：0.5011
epoch: 3, batch_id: 130, loss is：0.5108
epoch: 3, batch_id: 140, loss is：0.5588
epoch: 3, batch_id: 150, loss is：0.6273
epoch: 3, batch_id: 160, loss is：0.6499
epoch: 3, batch_id: 170, loss is：0.5861
epoch: 3, batch_id: 180, loss is：0.6281
epoch: 3, batch_id: 190, loss is：0.5908
epoch: 3, batch_id: 200, loss is：0.4959
epoch: 3, batch_id: 210, loss is：0.7211
epoch: 3, batch_id: 220, loss is：0.8279
epoch: 3, batch_id: 230, loss is：0.4811
epoch: 3, batch_id: 240, loss is：0.8920
epoch: 3, batch_id: 250, loss is：0.5099
epoch: 3, batch_id: 260, loss is：0.4942
epoch: 3, batch_id: 270, loss is：0.5092
epoch: 3, batch_id: 280, loss is：0.5884
epoch: 3, batch_id: 290, loss is：0.6724
epoch: 3, batch_id: 300, loss is：0.6913
epoch: 3, batch_id: 310, loss is：0.5742
epoch: 3, batch_id: 320, loss is：0.6295
epoch: 3, batch_id: 330, loss is：0.6156
epoch: 3, batch_id: 340, loss is：0.6110
epoch: 3, batch_id: 350, loss is：0.5079
epoch: 3, batch_id: 360, loss is：0.4871
epoch: 3, batch_id: 370, loss is：0.7669
epoch: 3, batch_id: 380, loss is：0.3781
epoch: 3, batch_id: 390, loss is：0.6978
epoch: 3, batch_id: 400, loss is：0.5934
epoch: 3, batch_id: 410, loss is：0.6891
epoch: 3, batch_id: 420, loss is：0.5214
epoch: 3, batch_id: 430, loss is：0.5694
epoch: 3, batch_id: 440, loss is：0.7365
epoch: 3, batch_id: 450, loss is：0.5549
epoch: 3, batch_id: 460, loss is：0.6462
epoch: 3, batch_id: 470, loss is：0.6615
epoch: 3, batch_id: 480, loss is：0.5618
epoch: 3, batch_id: 490, loss is：0.7105
epoch: 3, batch_id: 500, loss is：0.7291
epoch: 3, batch_id: 510, loss is：0.5658
epoch: 3, batch_id: 520, loss is：0.6654
epoch: 3, batch_id: 530, loss is：0.6457
epoch: 3, batch_id: 540, loss is：0.5748
epoch: 3, batch_id: 550, loss is：0.5657
epoch: 3, batch_id: 560, loss is：0.4753
epoch: 3, batch_id: 570, loss is：0.6268
epoch: 3, batch_id: 580, loss is：0.5726
epoch: 3, batch_id: 590, loss is：0.5956
epoch: 3, batch_id: 600, loss is：0.7562
epoch: 3, batch_id: 610, loss is：0.4930
epoch: 3, batch_id: 620, loss is：0.4088
epoch: 3, batch_id: 630, loss is：0.4261
epoch: 3, batch_id: 640, loss is：0.5681
epoch: 3, batch_id: 650, loss is：0.5398
epoch: 3, batch_id: 660, loss is：0.7529
epoch: 3, batch_id: 670, loss is：0.5894
epoch: 3, batch_id: 680, loss is：0.8352
epoch: 3, batch_id: 690, loss is：0.6364
epoch: 3, batch_id: 700, loss is：0.5929
epoch: 3, batch_id: 710, loss is：0.4591
epoch: 3, batch_id: 720, loss is：0.6927
epoch: 3, batch_id: 730, loss is：0.5962
epoch: 3, batch_id: 740, loss is：0.7925
epoch: 3, batch_id: 750, loss is：0.5977
epoch: 3, batch_id: 760, loss is：0.6251
epoch: 3, batch_id: 770, loss is：0.4599
epoch: 3, batch_id: 780, loss is：0.7257
epoch: 3, batch_id: 790, loss is：0.7647
epoch: 3, batch_id: 800, loss is：0.7061
epoch: 3, batch_id: 810, loss is：0.6652
epoch: 3, batch_id: 820, loss is：0.5549
epoch: 3, batch_id: 830, loss is：0.5670
epoch: 3, batch_id: 840, loss is：0.6871
epoch: 3, batch_id: 850, loss is：0.6903
epoch: 3, batch_id: 860, loss is：0.5981
epoch: 3, batch_id: 870, loss is：0.6095
epoch: 3, batch_id: 880, loss is：0.4592
epoch: 3, batch_id: 890, loss is：0.4654
epoch: 3, batch_id: 900, loss is：0.7237
epoch: 3, batch_id: 910, loss is：0.5643
epoch: 3, batch_id: 920, loss is：0.7222
epoch: 3, batch_id: 930, loss is：0.3752
epoch: 3, batch_id: 940, loss is：0.5309
epoch: 3, batch_id: 950, loss is：0.5077
epoch: 3, batch_id: 960, loss is：0.5984
epoch: 3, batch_id: 970, loss is：0.5616
epoch: 3, batch_id: 980, loss is：0.5986
epoch: 3, batch_id: 990, loss is：0.7504
epoch: 3, batch_id: 1000, loss is：0.5607
epoch: 3, batch_id: 1010, loss is：0.5961
epoch: 3, batch_id: 1020, loss is：0.6144
epoch: 3, batch_id: 1030, loss is：0.5349
epoch: 3, batch_id: 1040, loss is：0.5617
epoch: 3, batch_id: 1050, loss is：0.4921
epoch: 3, batch_id: 1060, loss is：0.7104
epoch: 3, batch_id: 1070, loss is：0.5163
epoch: 3, batch_id: 1080, loss is：0.5335
epoch: 3, batch_id: 1090, loss is：0.8186
epoch: 3, batch_id: 1100, loss is：0.4844
epoch: 3, batch_id: 1110, loss is：0.8791
epoch: 3, batch_id: 1120, loss is：0.3796
epoch: 3, batch_id: 1130, loss is：0.5899
epoch: 3, batch_id: 1140, loss is：0.3414
epoch: 3, batch_id: 1150, loss is：0.6658
epoch: 3, batch_id: 1160, loss is：0.6904
epoch: 3, batch_id: 1170, loss is：0.5261
epoch: 3, batch_id: 1180, loss is：0.4803
epoch: 3, batch_id: 1190, loss is：0.7607
epoch: 3, batch_id: 1200, loss is：0.3662
epoch: 3, batch_id: 1210, loss is：0.4895
epoch: 3, batch_id: 1220, loss is：0.6227
epoch: 3, batch_id: 1230, loss is：0.4660
epoch: 3, batch_id: 1240, loss is：0.4910
epoch: 3, batch_id: 1250, loss is：0.5549
epoch: 3, batch_id: 1260, loss is：0.4904
epoch: 3, batch_id: 1270, loss is：0.6374
epoch: 3, batch_id: 1280, loss is：0.6282
epoch: 3, batch_id: 1290, loss is：0.7552
epoch: 3, batch_id: 1300, loss is：0.4700
epoch: 3, batch_id: 1310, loss is：0.6483
epoch: 3, batch_id: 1320, loss is：0.6013
epoch: 3, batch_id: 1330, loss is：0.6796
epoch: 3, batch_id: 1340, loss is：0.5207
epoch: 3, batch_id: 1350, loss is：0.9001
epoch: 3, batch_id: 1360, loss is：0.5163
epoch: 3, batch_id: 1370, loss is：0.6071
epoch: 3, batch_id: 1380, loss is：0.7502
epoch: 3, batch_id: 1390, loss is：0.5292
epoch: 3, batch_id: 1400, loss is：0.3464
epoch: 3, batch_id: 1410, loss is：0.5132
epoch: 3, batch_id: 1420, loss is：1.0334
epoch: 3, batch_id: 1430, loss is：0.6563
epoch: 3, batch_id: 1440, loss is：0.6566
epoch: 3, batch_id: 1450, loss is：0.5474
epoch: 3, batch_id: 1460, loss is：0.4358
epoch: 3, batch_id: 1470, loss is：0.6044
epoch: 3, batch_id: 1480, loss is：0.5562
epoch: 3, batch_id: 1490, loss is：0.6253
epoch: 3, batch_id: 1500, loss is：0.5839
epoch: 3, batch_id: 1510, loss is：0.6223
epoch: 3, batch_id: 1520, loss is：0.6990
epoch: 3, batch_id: 1530, loss is：0.5929
epoch: 3, batch_id: 1540, loss is：0.6443
epoch: 3, batch_id: 1550, loss is：1.0478
epoch: 3, batch_id: 1560, loss is：0.7530
epoch: 3, batch_id: 1570, loss is：0.2779
epoch: 3, batch_id: 1580, loss is：0.6617
epoch: 3, batch_id: 1590, loss is：0.4779
epoch: 3, batch_id: 1600, loss is：0.4744
epoch: 3, batch_id: 1610, loss is：0.5850
epoch: 3, batch_id: 1620, loss is：0.6825
epoch: 3, batch_id: 1630, loss is：0.4977
epoch: 3, batch_id: 1640, loss is：0.6438
epoch: 3, batch_id: 1650, loss is：0.6393
epoch: 3, batch_id: 1660, loss is：0.4767
epoch: 3, batch_id: 1670, loss is：0.4155
epoch: 3, batch_id: 1680, loss is：0.3608
epoch: 3, batch_id: 1690, loss is：0.7320
epoch: 3, batch_id: 1700, loss is：0.7121
epoch: 3, batch_id: 1710, loss is：0.6602
epoch: 3, batch_id: 1720, loss is：0.7884
epoch: 3, batch_id: 1730, loss is：0.6115
epoch: 3, batch_id: 1740, loss is：0.7013
[validation] accuracy 0.5223, loss 0.5919
4
epoch: 4, batch_id: 0, loss is：0.5502
epoch: 4, batch_id: 10, loss is：0.4045
epoch: 4, batch_id: 20, loss is：0.5817
epoch: 4, batch_id: 30, loss is：0.6529
epoch: 4, batch_id: 40, loss is：0.5405
epoch: 4, batch_id: 50, loss is：0.5298
epoch: 4, batch_id: 60, loss is：0.5888
epoch: 4, batch_id: 70, loss is：0.7365
epoch: 4, batch_id: 80, loss is：0.5682
epoch: 4, batch_id: 90, loss is：0.5959
epoch: 4, batch_id: 100, loss is：0.4665
epoch: 4, batch_id: 110, loss is：0.6662
epoch: 4, batch_id: 120, loss is：0.4657
epoch: 4, batch_id: 130, loss is：0.5209
epoch: 4, batch_id: 140, loss is：0.5824
epoch: 4, batch_id: 150, loss is：0.6424
epoch: 4, batch_id: 160, loss is：0.6617
epoch: 4, batch_id: 170, loss is：0.5730
epoch: 4, batch_id: 180, loss is：0.6162
epoch: 4, batch_id: 190, loss is：0.5935
epoch: 4, batch_id: 200, loss is：0.4973
epoch: 4, batch_id: 210, loss is：0.7469
epoch: 4, batch_id: 220, loss is：0.8488
epoch: 4, batch_id: 230, loss is：0.4668
epoch: 4, batch_id: 240, loss is：0.9189
epoch: 4, batch_id: 250, loss is：0.4536
epoch: 4, batch_id: 260, loss is：0.5184
epoch: 4, batch_id: 270, loss is：0.5031
epoch: 4, batch_id: 280, loss is：0.5811
epoch: 4, batch_id: 290, loss is：0.6599
epoch: 4, batch_id: 300, loss is：0.7022
epoch: 4, batch_id: 310, loss is：0.5465
epoch: 4, batch_id: 320, loss is：0.6119
epoch: 4, batch_id: 330, loss is：0.6398
epoch: 4, batch_id: 340, loss is：0.6170
epoch: 4, batch_id: 350, loss is：0.4810
epoch: 4, batch_id: 360, loss is：0.4631
epoch: 4, batch_id: 370, loss is：0.7555
epoch: 4, batch_id: 380, loss is：0.3451
epoch: 4, batch_id: 390, loss is：0.6849
epoch: 4, batch_id: 400, loss is：0.5604
epoch: 4, batch_id: 410, loss is：0.6983
epoch: 4, batch_id: 420, loss is：0.4900
epoch: 4, batch_id: 430, loss is：0.5383
epoch: 4, batch_id: 440, loss is：0.7475
epoch: 4, batch_id: 450, loss is：0.5425
epoch: 4, batch_id: 460, loss is：0.6403
epoch: 4, batch_id: 470, loss is：0.6405
epoch: 4, batch_id: 480, loss is：0.5246
epoch: 4, batch_id: 490, loss is：0.6932
epoch: 4, batch_id: 500, loss is：0.7576
epoch: 4, batch_id: 510, loss is：0.5653
epoch: 4, batch_id: 520, loss is：0.6754
epoch: 4, batch_id: 530, loss is：0.6128
epoch: 4, batch_id: 540, loss is：0.5423
epoch: 4, batch_id: 550, loss is：0.5260
epoch: 4, batch_id: 560, loss is：0.4723
epoch: 4, batch_id: 570, loss is：0.5880
epoch: 4, batch_id: 580, loss is：0.5591
epoch: 4, batch_id: 590, loss is：0.5834
epoch: 4, batch_id: 600, loss is：0.7430
epoch: 4, batch_id: 610, loss is：0.4695
epoch: 4, batch_id: 620, loss is：0.3791
epoch: 4, batch_id: 630, loss is：0.3909
epoch: 4, batch_id: 640, loss is：0.5473
epoch: 4, batch_id: 650, loss is：0.4955
epoch: 4, batch_id: 660, loss is：0.7492
epoch: 4, batch_id: 670, loss is：0.5768
epoch: 4, batch_id: 680, loss is：0.8252
epoch: 4, batch_id: 690, loss is：0.6738
epoch: 4, batch_id: 700, loss is：0.5689
epoch: 4, batch_id: 710, loss is：0.4460
epoch: 4, batch_id: 720, loss is：0.7133
epoch: 4, batch_id: 730, loss is：0.5750
epoch: 4, batch_id: 740, loss is：0.7714
epoch: 4, batch_id: 750, loss is：0.5620
epoch: 4, batch_id: 760, loss is：0.5976
epoch: 4, batch_id: 770, loss is：0.4403
epoch: 4, batch_id: 780, loss is：0.7371
epoch: 4, batch_id: 790, loss is：0.7311
epoch: 4, batch_id: 800, loss is：0.6911
epoch: 4, batch_id: 810, loss is：0.6675
epoch: 4, batch_id: 820, loss is：0.5724
epoch: 4, batch_id: 830, loss is：0.5528
epoch: 4, batch_id: 840, loss is：0.7045
epoch: 4, batch_id: 850, loss is：0.6921
epoch: 4, batch_id: 860, loss is：0.5769
epoch: 4, batch_id: 870, loss is：0.5877
epoch: 4, batch_id: 880, loss is：0.4404
epoch: 4, batch_id: 890, loss is：0.4066
epoch: 4, batch_id: 900, loss is：0.7240
epoch: 4, batch_id: 910, loss is：0.5627
epoch: 4, batch_id: 920, loss is：0.7587
epoch: 4, batch_id: 930, loss is：0.3755
epoch: 4, batch_id: 940, loss is：0.5008
epoch: 4, batch_id: 950, loss is：0.4807
epoch: 4, batch_id: 960, loss is：0.5644
epoch: 4, batch_id: 970, loss is：0.5407
epoch: 4, batch_id: 980, loss is：0.6172
epoch: 4, batch_id: 990, loss is：0.7240
epoch: 4, batch_id: 1000, loss is：0.5824
epoch: 4, batch_id: 1010, loss is：0.5635
epoch: 4, batch_id: 1020, loss is：0.5819
epoch: 4, batch_id: 1030, loss is：0.5081
epoch: 4, batch_id: 1040, loss is：0.5705
epoch: 4, batch_id: 1050, loss is：0.4490
epoch: 4, batch_id: 1060, loss is：0.7214
epoch: 4, batch_id: 1070, loss is：0.4770
epoch: 4, batch_id: 1080, loss is：0.5233
epoch: 4, batch_id: 1090, loss is：0.8173
epoch: 4, batch_id: 1100, loss is：0.4534
epoch: 4, batch_id: 1110, loss is：0.8213
epoch: 4, batch_id: 1120, loss is：0.3593
epoch: 4, batch_id: 1130, loss is：0.6280
epoch: 4, batch_id: 1140, loss is：0.3252
epoch: 4, batch_id: 1150, loss is：0.6493
epoch: 4, batch_id: 1160, loss is：0.6963
epoch: 4, batch_id: 1170, loss is：0.5148
epoch: 4, batch_id: 1180, loss is：0.4626
epoch: 4, batch_id: 1190, loss is：0.7927
epoch: 4, batch_id: 1200, loss is：0.3468
epoch: 4, batch_id: 1210, loss is：0.4662
epoch: 4, batch_id: 1220, loss is：0.6134
epoch: 4, batch_id: 1230, loss is：0.4210
epoch: 4, batch_id: 1240, loss is：0.4548
epoch: 4, batch_id: 1250, loss is：0.5500
epoch: 4, batch_id: 1260, loss is：0.5185
epoch: 4, batch_id: 1270, loss is：0.6170
epoch: 4, batch_id: 1280, loss is：0.5680
epoch: 4, batch_id: 1290, loss is：0.7936
epoch: 4, batch_id: 1300, loss is：0.4428
epoch: 4, batch_id: 1310, loss is：0.6440
epoch: 4, batch_id: 1320, loss is：0.5871
epoch: 4, batch_id: 1330, loss is：0.6727
epoch: 4, batch_id: 1340, loss is：0.5196
epoch: 4, batch_id: 1350, loss is：0.9369
epoch: 4, batch_id: 1360, loss is：0.4592
epoch: 4, batch_id: 1370, loss is：0.6432
epoch: 4, batch_id: 1380, loss is：0.7546
epoch: 4, batch_id: 1390, loss is：0.4898
epoch: 4, batch_id: 1400, loss is：0.3394
epoch: 4, batch_id: 1410, loss is：0.4972
epoch: 4, batch_id: 1420, loss is：1.0348
epoch: 4, batch_id: 1430, loss is：0.6373
epoch: 4, batch_id: 1440, loss is：0.6491
epoch: 4, batch_id: 1450, loss is：0.5183
epoch: 4, batch_id: 1460, loss is：0.4210
epoch: 4, batch_id: 1470, loss is：0.6143
epoch: 4, batch_id: 1480, loss is：0.5286
epoch: 4, batch_id: 1490, loss is：0.5965
epoch: 4, batch_id: 1500, loss is：0.5858
epoch: 4, batch_id: 1510, loss is：0.6290
epoch: 4, batch_id: 1520, loss is：0.7010
epoch: 4, batch_id: 1530, loss is：0.5944
epoch: 4, batch_id: 1540, loss is：0.6204
epoch: 4, batch_id: 1550, loss is：1.0229
epoch: 4, batch_id: 1560, loss is：0.7439
epoch: 4, batch_id: 1570, loss is：0.2520
epoch: 4, batch_id: 1580, loss is：0.6439
epoch: 4, batch_id: 1590, loss is：0.4760
epoch: 4, batch_id: 1600, loss is：0.4258
epoch: 4, batch_id: 1610, loss is：0.5600
epoch: 4, batch_id: 1620, loss is：0.6701
epoch: 4, batch_id: 1630, loss is：0.4827
epoch: 4, batch_id: 1640, loss is：0.6464
epoch: 4, batch_id: 1650, loss is：0.6296
epoch: 4, batch_id: 1660, loss is：0.4615
epoch: 4, batch_id: 1670, loss is：0.3885
epoch: 4, batch_id: 1680, loss is：0.3116
epoch: 4, batch_id: 1690, loss is：0.7258
epoch: 4, batch_id: 1700, loss is：0.7064
epoch: 4, batch_id: 1710, loss is：0.6380
epoch: 4, batch_id: 1720, loss is：0.7469
epoch: 4, batch_id: 1730, loss is：0.6111
epoch: 4, batch_id: 1740, loss is：0.6567
[validation] accuracy 0.5353, loss 0.5774
D:\Users\Admin\Python37\lib\site-packages\paddle\nn\layer\norm.py:641: UserWarning: When training, we now always track global mean and variance.
  "When training, we now always track global mean and variance.")
