开始训练...
训练集数据处理。。。。
=============
验证集数据处理。。。。。
=============
0
epoch: 0, batch_id: 0, loss is：0.4244
[validation] accuracy 0.9500, loss 0.1935
1
epoch: 1, batch_id: 0, loss is：0.1825
[validation] accuracy 0.8750, loss 0.0317
2
epoch: 2, batch_id: 0, loss is：0.0097
[validation] accuracy 1.0000, loss 0.0027
3
epoch: 3, batch_id: 0, loss is：0.0020
[validation] accuracy 1.0000, loss 0.0011
4
epoch: 4, batch_id: 0, loss is：0.0017
[validation] accuracy 1.0000, loss 0.0007
D:\Users\Admin\Python37\lib\site-packages\paddle\nn\layer\norm.py:641: UserWarning: When training, we now always track global mean and variance.
  "When training, we now always track global mean and variance.")
