开始训练...
训练集数据处理。。。。
=============
验证集数据处理。。。。。
=============
0
epoch: 0, batch_id: 0, loss is：0.6522
[validation] accuracy 0.6250, loss 0.4511
1
epoch: 1, batch_id: 0, loss is：0.3225
[validation] accuracy 0.6250, loss 0.2230
2
epoch: 2, batch_id: 0, loss is：0.1390
[validation] accuracy 0.7000, loss 0.1154
3
epoch: 3, batch_id: 0, loss is：0.0992
[validation] accuracy 0.8000, loss 0.0752
4
epoch: 4, batch_id: 0, loss is：0.0666
[validation] accuracy 0.8500, loss 0.0569
5
epoch: 5, batch_id: 0, loss is：0.0521
[validation] accuracy 0.9750, loss 0.0464
6
epoch: 6, batch_id: 0, loss is：0.0454
[validation] accuracy 1.0000, loss 0.0398
7
epoch: 7, batch_id: 0, loss is：0.0394
[validation] accuracy 1.0000, loss 0.0352
8
epoch: 8, batch_id: 0, loss is：0.0348
[validation] accuracy 1.0000, loss 0.0317
9
epoch: 9, batch_id: 0, loss is：0.0315
[validation] accuracy 1.0000, loss 0.0289
D:\Users\Admin\Python37\lib\site-packages\paddle\nn\layer\norm.py:641: UserWarning: When training, we now always track global mean and variance.
  "When training, we now always track global mean and variance.")
